{"D:\\organization_system\\app.js": {"path":"D:\\organization_system\\app.js","statementMap":{"0":{"start":{"line":1,"column":16},"end":{"line":1,"column":34}},"1":{"start":{"line":2,"column":21},"end":{"line":2,"column":53}},"2":{"start":{"line":3,"column":12},"end":{"line":3,"column":21}},"3":{"start":{"line":5,"column":0},"end":{"line":5,"column":24}},"4":{"start":{"line":6,"column":0},"end":{"line":6,"column":44}},"5":{"start":{"line":8,"column":0},"end":{"line":8,"column":21}}},"fnMap":{},"branchMap":{},"s":{"0":1,"1":1,"2":1,"3":1,"4":1,"5":1},"f":{},"b":{},"_coverageSchema":"1a1c01bbd47fc00a2c39e90264f33305004495a9","hash":"c1b32f52334dcb63f824533b15d637da71b21eee"}
,"D:\\organization_system\\config\\db.js": {"path":"D:\\organization_system\\config\\db.js","statementMap":{"0":{"start":{"line":1,"column":22},"end":{"line":1,"column":42}},"1":{"start":{"line":2,"column":15},"end":{"line":2,"column":32}},"2":{"start":{"line":3,"column":0},"end":{"line":3,"column":16}},"3":{"start":{"line":5,"column":18},"end":{"line":14,"column":1}},"4":{"start":{"line":16,"column":0},"end":{"line":16,"column":27}}},"fnMap":{},"branchMap":{},"s":{"0":1,"1":1,"2":1,"3":1,"4":1},"f":{},"b":{},"_coverageSchema":"1a1c01bbd47fc00a2c39e90264f33305004495a9","hash":"0c445f1b738052bb467b60df0d6bee2570aac7e0"}
,"D:\\organization_system\\controller\\holderController.js": {"path":"D:\\organization_system\\controller\\holderController.js","statementMap":{"0":{"start":{"line":1,"column":18},"end":{"line":1,"column":41}},"1":{"start":{"line":2,"column":16},"end":{"line":2,"column":44}},"2":{"start":{"line":3,"column":14},"end":{"line":3,"column":39}},"3":{"start":{"line":5,"column":21},"end":{"line":30,"column":1}},"4":{"start":{"line":6,"column":35},"end":{"line":6,"column":43}},"5":{"start":{"line":7,"column":16},"end":{"line":7,"column":37}},"6":{"start":{"line":9,"column":2},"end":{"line":10,"column":66}},"7":{"start":{"line":10,"column":4},"end":{"line":10,"column":66}},"8":{"start":{"line":12,"column":17},"end":{"line":12,"column":21}},"9":{"start":{"line":13,"column":2},"end":{"line":15,"column":3}},"10":{"start":{"line":14,"column":4},"end":{"line":14,"column":50}},"11":{"start":{"line":17,"column":20},"end":{"line":22,"column":4}},"12":{"start":{"line":24,"column":2},"end":{"line":27,"column":3}},"13":{"start":{"line":25,"column":4},"end":{"line":25,"column":48}},"14":{"start":{"line":26,"column":4},"end":{"line":26,"column":31}},"15":{"start":{"line":29,"column":2},"end":{"line":29,"column":34}},"16":{"start":{"line":32,"column":19},"end":{"line":42,"column":1}},"17":{"start":{"line":33,"column":17},"end":{"line":33,"column":26}},"18":{"start":{"line":35,"column":22},"end":{"line":35,"column":52}},"19":{"start":{"line":37,"column":2},"end":{"line":39,"column":3}},"20":{"start":{"line":38,"column":4},"end":{"line":38,"column":69}},"21":{"start":{"line":41,"column":2},"end":{"line":41,"column":36}},"22":{"start":{"line":44,"column":18},"end":{"line":56,"column":1}},"23":{"start":{"line":45,"column":17},"end":{"line":45,"column":27}},"24":{"start":{"line":47,"column":17},"end":{"line":47,"column":43}},"25":{"start":{"line":49,"column":22},"end":{"line":49,"column":66}},"26":{"start":{"line":51,"column":2},"end":{"line":53,"column":3}},"27":{"start":{"line":52,"column":4},"end":{"line":52,"column":69}},"28":{"start":{"line":55,"column":2},"end":{"line":55,"column":36}},"29":{"start":{"line":58,"column":16},"end":{"line":67,"column":1}},"30":{"start":{"line":59,"column":2},"end":{"line":66,"column":7}},"31":{"start":{"line":60,"column":4},"end":{"line":65,"column":5}},"32":{"start":{"line":61,"column":6},"end":{"line":61,"column":44}},"33":{"start":{"line":62,"column":6},"end":{"line":62,"column":61}},"34":{"start":{"line":64,"column":6},"end":{"line":64,"column":44}},"35":{"start":{"line":69,"column":0},"end":{"line":74,"column":2}}},"fnMap":{"0":{"name":"(anonymous_0)","decl":{"start":{"line":5,"column":21},"end":{"line":5,"column":22}},"loc":{"start":{"line":5,"column":47},"end":{"line":30,"column":1}},"line":5},"1":{"name":"(anonymous_1)","decl":{"start":{"line":32,"column":19},"end":{"line":32,"column":20}},"loc":{"start":{"line":32,"column":45},"end":{"line":42,"column":1}},"line":32},"2":{"name":"(anonymous_2)","decl":{"start":{"line":44,"column":18},"end":{"line":44,"column":19}},"loc":{"start":{"line":44,"column":44},"end":{"line":56,"column":1}},"line":44},"3":{"name":"(anonymous_3)","decl":{"start":{"line":58,"column":16},"end":{"line":58,"column":17}},"loc":{"start":{"line":58,"column":36},"end":{"line":67,"column":1}},"line":58},"4":{"name":"(anonymous_4)","decl":{"start":{"line":59,"column":3},"end":{"line":59,"column":4}},"loc":{"start":{"line":59,"column":15},"end":{"line":66,"column":3}},"line":59}},"branchMap":{"0":{"loc":{"start":{"line":9,"column":2},"end":{"line":10,"column":66}},"type":"if","locations":[{"start":{"line":9,"column":2},"end":{"line":10,"column":66}},{"start":{},"end":{}}],"line":9},"1":{"loc":{"start":{"line":9,"column":6},"end":{"line":9,"column":48}},"type":"binary-expr","locations":[{"start":{"line":9,"column":6},"end":{"line":9,"column":11}},{"start":{"line":9,"column":15},"end":{"line":9,"column":20}},{"start":{"line":9,"column":25},"end":{"line":9,"column":34}},{"start":{"line":9,"column":38},"end":{"line":9,"column":47}}],"line":9},"2":{"loc":{"start":{"line":13,"column":2},"end":{"line":15,"column":3}},"type":"if","locations":[{"start":{"line":13,"column":2},"end":{"line":15,"column":3}},{"start":{},"end":{}}],"line":13},"3":{"loc":{"start":{"line":20,"column":15},"end":{"line":20,"column":52}},"type":"cond-expr","locations":[{"start":{"line":20,"column":26},"end":{"line":20,"column":45}},{"start":{"line":20,"column":48},"end":{"line":20,"column":52}}],"line":20},"4":{"loc":{"start":{"line":24,"column":2},"end":{"line":27,"column":3}},"type":"if","locations":[{"start":{"line":24,"column":2},"end":{"line":27,"column":3}},{"start":{},"end":{}}],"line":24},"5":{"loc":{"start":{"line":37,"column":2},"end":{"line":39,"column":3}},"type":"if","locations":[{"start":{"line":37,"column":2},"end":{"line":39,"column":3}},{"start":{},"end":{}}],"line":37},"6":{"loc":{"start":{"line":51,"column":2},"end":{"line":53,"column":3}},"type":"if","locations":[{"start":{"line":51,"column":2},"end":{"line":53,"column":3}},{"start":{},"end":{}}],"line":51}},"s":{"0":1,"1":1,"2":1,"3":1,"4":16,"5":16,"6":16,"7":1,"8":15,"9":15,"10":14,"11":15,"12":15,"13":14,"14":14,"15":15,"16":1,"17":2,"18":2,"19":2,"20":1,"21":1,"22":1,"23":15,"24":15,"25":15,"26":15,"27":1,"28":14,"29":1,"30":1,"31":1,"32":1,"33":1,"34":0,"35":1},"f":{"0":16,"1":2,"2":15,"3":1,"4":1},"b":{"0":[1,15],"1":[16,16,16,15],"2":[14,1],"3":[14,1],"4":[14,1],"5":[1,1],"6":[1,14]},"_coverageSchema":"1a1c01bbd47fc00a2c39e90264f33305004495a9","hash":"8b83e4c50c88af539ae183f1c6d4276d13a10c30"}
,"D:\\organization_system\\models\\Holders.js": {"path":"D:\\organization_system\\models\\Holders.js","statementMap":{"0":{"start":{"line":1,"column":22},"end":{"line":1,"column":42}},"1":{"start":{"line":2,"column":18},"end":{"line":2,"column":41}},"2":{"start":{"line":4,"column":16},"end":{"line":65,"column":1}},"3":{"start":{"line":58,"column":22},"end":{"line":58,"column":43}},"4":{"start":{"line":59,"column":8},"end":{"line":61,"column":9}},"5":{"start":{"line":60,"column":10},"end":{"line":60,"column":74}},"6":{"start":{"line":67,"column":0},"end":{"line":70,"column":3}},"7":{"start":{"line":71,"column":0},"end":{"line":74,"column":3}},"8":{"start":{"line":75,"column":0},"end":{"line":78,"column":3}},"9":{"start":{"line":79,"column":0},"end":{"line":82,"column":3}},"10":{"start":{"line":84,"column":0},"end":{"line":84,"column":25}}},"fnMap":{"0":{"name":"(anonymous_0)","decl":{"start":{"line":57,"column":20},"end":{"line":57,"column":21}},"loc":{"start":{"line":57,"column":38},"end":{"line":62,"column":7}},"line":57}},"branchMap":{"0":{"loc":{"start":{"line":59,"column":8},"end":{"line":61,"column":9}},"type":"if","locations":[{"start":{"line":59,"column":8},"end":{"line":61,"column":9}},{"start":{},"end":{}}],"line":59},"1":{"loc":{"start":{"line":59,"column":12},"end":{"line":59,"column":48}},"type":"binary-expr","locations":[{"start":{"line":59,"column":12},"end":{"line":59,"column":21}},{"start":{"line":59,"column":25},"end":{"line":59,"column":48}}],"line":59}},"s":{"0":1,"1":1,"2":1,"3":15,"4":15,"5":0,"6":1,"7":1,"8":1,"9":1,"10":1},"f":{"0":15},"b":{"0":[0,15],"1":[15,14]},"_coverageSchema":"1a1c01bbd47fc00a2c39e90264f33305004495a9","hash":"6ac120eb5299f5383bdfc147e3505f96c055e7ce"}
,"D:\\organization_system\\routes\\holder.route.js": {"path":"D:\\organization_system\\routes\\holder.route.js","statementMap":{"0":{"start":{"line":1,"column":16},"end":{"line":1,"column":34}},"1":{"start":{"line":2,"column":25},"end":{"line":2,"column":66}},"2":{"start":{"line":4,"column":15},"end":{"line":4,"column":31}},"3":{"start":{"line":6,"column":0},"end":{"line":8,"column":41}},"4":{"start":{"line":10,"column":0},"end":{"line":10,"column":51}},"5":{"start":{"line":12,"column":0},"end":{"line":12,"column":49}},"6":{"start":{"line":14,"column":0},"end":{"line":14,"column":24}}},"fnMap":{},"branchMap":{},"s":{"0":1,"1":1,"2":1,"3":1,"4":1,"5":1,"6":1},"f":{},"b":{},"_coverageSchema":"1a1c01bbd47fc00a2c39e90264f33305004495a9","hash":"cc65c9eb085a7fd3181c9966b23ffa59d8b771b9"}
,"D:\\organization_system\\utils\\query.js": {"path":"D:\\organization_system\\utils\\query.js","statementMap":{"0":{"start":{"line":1,"column":15},"end":{"line":1,"column":43}},"1":{"start":{"line":9,"column":2},"end":{"line":9,"column":24}},"2":{"start":{"line":9,"column":15},"end":{"line":9,"column":24}},"3":{"start":{"line":10,"column":15},"end":{"line":10,"column":44}},"4":{"start":{"line":11,"column":20},"end":{"line":11,"column":58}},"5":{"start":{"line":12,"column":21},"end":{"line":12,"column":60}},"6":{"start":{"line":13,"column":2},"end":{"line":13,"column":36}},"7":{"start":{"line":22,"column":15},"end":{"line":22,"column":44}},"8":{"start":{"line":23,"column":20},"end":{"line":23,"column":58}},"9":{"start":{"line":24,"column":21},"end":{"line":24,"column":60}},"10":{"start":{"line":26,"column":2},"end":{"line":32,"column":3}},"11":{"start":{"line":27,"column":4},"end":{"line":27,"column":62}},"12":{"start":{"line":27,"column":26},"end":{"line":27,"column":62}},"13":{"start":{"line":28,"column":4},"end":{"line":28,"column":47}},"14":{"start":{"line":30,"column":4},"end":{"line":30,"column":64}},"15":{"start":{"line":30,"column":27},"end":{"line":30,"column":64}},"16":{"start":{"line":31,"column":4},"end":{"line":31,"column":48}},"17":{"start":{"line":41,"column":2},"end":{"line":41,"column":23}},"18":{"start":{"line":41,"column":11},"end":{"line":41,"column":23}},"19":{"start":{"line":43,"column":15},"end":{"line":43,"column":40}},"20":{"start":{"line":44,"column":2},"end":{"line":44,"column":25}},"21":{"start":{"line":44,"column":13},"end":{"line":44,"column":25}},"22":{"start":{"line":46,"column":20},"end":{"line":46,"column":57}},"23":{"start":{"line":47,"column":21},"end":{"line":47,"column":59}},"24":{"start":{"line":49,"column":2},"end":{"line":57,"column":4}},"25":{"start":{"line":60,"column":0},"end":{"line":63,"column":2}}},"fnMap":{"0":{"name":"getSubtreeCount","decl":{"start":{"line":8,"column":15},"end":{"line":8,"column":30}},"loc":{"start":{"line":8,"column":39},"end":{"line":14,"column":1}},"line":8},"1":{"name":"findPosition","decl":{"start":{"line":21,"column":15},"end":{"line":21,"column":27}},"loc":{"start":{"line":21,"column":36},"end":{"line":33,"column":1}},"line":21},"2":{"name":"getSubtreeData","decl":{"start":{"line":40,"column":15},"end":{"line":40,"column":29}},"loc":{"start":{"line":40,"column":34},"end":{"line":58,"column":1}},"line":40}},"branchMap":{"0":{"loc":{"start":{"line":9,"column":2},"end":{"line":9,"column":24}},"type":"if","locations":[{"start":{"line":9,"column":2},"end":{"line":9,"column":24}},{"start":{},"end":{}}],"line":9},"1":{"loc":{"start":{"line":26,"column":2},"end":{"line":32,"column":3}},"type":"if","locations":[{"start":{"line":26,"column":2},"end":{"line":32,"column":3}},{"start":{"line":29,"column":9},"end":{"line":32,"column":3}}],"line":26},"2":{"loc":{"start":{"line":27,"column":4},"end":{"line":27,"column":62}},"type":"if","locations":[{"start":{"line":27,"column":4},"end":{"line":27,"column":62}},{"start":{},"end":{}}],"line":27},"3":{"loc":{"start":{"line":30,"column":4},"end":{"line":30,"column":64}},"type":"if","locations":[{"start":{"line":30,"column":4},"end":{"line":30,"column":64}},{"start":{},"end":{}}],"line":30},"4":{"loc":{"start":{"line":41,"column":2},"end":{"line":41,"column":23}},"type":"if","locations":[{"start":{"line":41,"column":2},"end":{"line":41,"column":23}},{"start":{},"end":{}}],"line":41},"5":{"loc":{"start":{"line":44,"column":2},"end":{"line":44,"column":25}},"type":"if","locations":[{"start":{"line":44,"column":2},"end":{"line":44,"column":25}},{"start":{},"end":{}}],"line":44}},"s":{"0":1,"1":104,"2":73,"3":31,"4":31,"5":31,"6":31,"7":21,"8":21,"9":21,"10":21,"11":10,"12":7,"13":3,"14":11,"15":7,"16":4,"17":211,"18":113,"19":98,"20":98,"21":1,"22":97,"23":97,"24":97,"25":1},"f":{"0":104,"1":21,"2":211},"b":{"0":[73,31],"1":[10,11],"2":[7,3],"3":[7,4],"4":[113,98],"5":[1,97]},"_coverageSchema":"1a1c01bbd47fc00a2c39e90264f33305004495a9","hash":"a6b60e05f817a96c132475749f8b36435b149a76"}
}
