TN:
SF:app.js
FNF:0
FNH:0
DA:1,1
DA:2,1
DA:3,1
DA:5,1
DA:6,1
DA:8,1
LF:6
LH:6
BRF:0
BRH:0
end_of_record
TN:
SF:config\db.js
FNF:0
FNH:0
DA:1,1
DA:2,1
DA:3,1
DA:5,1
DA:16,1
LF:5
LH:5
BRF:0
BRH:0
end_of_record
TN:
SF:controller\holderController.js
FN:5,(anonymous_0)
FN:32,(anonymous_1)
FN:44,(anonymous_2)
FN:58,(anonymous_3)
FNF:4
FNH:4
FNDA:16,(anonymous_0)
FNDA:2,(anonymous_1)
FNDA:15,(anonymous_2)
FNDA:1,(anonymous_3)
DA:1,1
DA:2,1
DA:3,1
DA:5,1
DA:6,16
DA:7,16
DA:9,16
DA:10,1
DA:12,15
DA:13,15
DA:14,14
DA:17,15
DA:24,15
DA:25,14
DA:26,14
DA:29,15
DA:32,1
DA:33,2
DA:35,2
DA:37,2
DA:38,1
DA:41,1
DA:44,1
DA:45,15
DA:47,15
DA:49,15
DA:51,15
DA:52,1
DA:55,14
DA:58,1
DA:59,1
DA:60,1
DA:61,1
DA:63,0
DA:67,1
LF:35
LH:34
BRDA:9,0,0,1
BRDA:9,0,1,15
BRDA:9,1,0,16
BRDA:9,1,1,16
BRDA:9,1,2,16
BRDA:9,1,3,15
BRDA:13,2,0,14
BRDA:13,2,1,1
BRDA:20,3,0,14
BRDA:20,3,1,1
BRDA:24,4,0,14
BRDA:24,4,1,1
BRDA:37,5,0,1
BRDA:37,5,1,1
BRDA:51,6,0,1
BRDA:51,6,1,14
BRF:16
BRH:16
end_of_record
TN:
SF:models\Holders.js
FN:57,(anonymous_0)
FNF:1
FNH:1
FNDA:15,(anonymous_0)
DA:1,1
DA:2,1
DA:4,1
DA:58,15
DA:59,15
DA:60,0
DA:67,1
DA:71,1
DA:75,1
DA:79,1
DA:84,1
LF:11
LH:10
BRDA:59,0,0,0
BRDA:59,0,1,15
BRDA:59,1,0,15
BRDA:59,1,1,14
BRF:4
BRH:3
end_of_record
TN:
SF:routes\holder.route.js
FNF:0
FNH:0
DA:1,1
DA:2,1
DA:4,1
DA:6,1
DA:10,1
DA:12,1
DA:14,1
LF:7
LH:7
BRF:0
BRH:0
end_of_record
TN:
SF:utils\query.js
FN:8,getSubtreeCount
FN:21,findPosition
FN:40,getSubtreeData
FNF:3
FNH:3
FNDA:104,getSubtreeCount
FNDA:21,findPosition
FNDA:211,getSubtreeData
DA:1,1
DA:9,104
DA:10,31
DA:11,31
DA:12,31
DA:13,31
DA:22,21
DA:23,21
DA:24,21
DA:26,21
DA:27,10
DA:28,3
DA:30,11
DA:31,4
DA:41,211
DA:43,98
DA:44,98
DA:46,97
DA:47,97
DA:49,97
DA:60,1
LF:21
LH:21
BRDA:9,0,0,73
BRDA:9,0,1,31
BRDA:26,1,0,10
BRDA:26,1,1,11
BRDA:27,2,0,7
BRDA:27,2,1,3
BRDA:30,3,0,7
BRDA:30,3,1,4
BRDA:41,4,0,113
BRDA:41,4,1,98
BRDA:44,5,0,1
BRDA:44,5,1,97
BRF:12
BRH:12
end_of_record
